Using pre-set license
Built from '2020.3/staging' branch; Version is '2020.3.16f1 (049d6eca3c44) revision 302446'; Using compiler version '192528614'; Build Type 'Release'
OS: 'Windows 10 Home Single Language; OS build 19044.2364; Version 2009; 64bit' Language: 'es' Physical Memory: 16156 MB
BatchMode: 1, IsHumanControllingUs: 0, StartBugReporterOnCrash: 0, Is64bit: 1, IsPro: 0

 COMMAND LINE ARGUMENTS:
C:\Program Files\Unity\Hub\Editor\2020.3.16f1\Editor\Unity.exe
-adb2
-batchMode
-noUpm
-name
AssetImportWorker0
-projectPath
C:/Users/Alejandra P/Documents/GitHub/RunLab
-logFile
Logs/AssetImportWorker0.log
-srvPort
50640
Successfully changed project path to: C:/Users/Alejandra P/Documents/GitHub/RunLab
C:/Users/Alejandra P/Documents/GitHub/RunLab
Using Asset Import Pipeline V2.
Refreshing native plugins compatible for Editor in 293.43 ms, found 3 plugins.
Preloading 0 native plugins for Editor in 0.00 ms.
Initialize engine version: 2020.3.16f1 (049d6eca3c44)
[Subsystems] Discovering subsystems at path C:/Program Files/Unity/Hub/Editor/2020.3.16f1/Editor/Data/Resources/UnitySubsystems
[Subsystems] Discovering subsystems at path C:/Users/Alejandra P/Documents/GitHub/RunLab/Assets
GfxDevice: creating device client; threaded=0
Direct3D:
    Version:  Direct3D 11.0 [level 11.1]
    Renderer: Intel(R) HD Graphics Family (ID=0xa16)
    Vendor:   
    VRAM:     2048 MB
    Driver:   20.19.15.4531
Shader 'Universal Render Pipeline/Particles/Lit': fallback shader 'Universal Render Pipeline/Particles/SimpleLit' not found
Initialize mono
Mono path[0] = 'C:/Program Files/Unity/Hub/Editor/2020.3.16f1/Editor/Data/Managed'
Mono path[1] = 'C:/Program Files/Unity/Hub/Editor/2020.3.16f1/Editor/Data/MonoBleedingEdge/lib/mono/unityjit'
Mono config path = 'C:/Program Files/Unity/Hub/Editor/2020.3.16f1/Editor/Data/MonoBleedingEdge/etc'
Using monoOptions --debugger-agent=transport=dt_socket,embedding=1,server=y,suspend=n,address=127.0.0.1:56304
Begin MonoManager ReloadAssembly
Registering precompiled unity dll's ...
Register platform support module: C:/Program Files/Unity/Hub/Editor/2020.3.16f1/Editor/Data/PlaybackEngines/WindowsStandaloneSupport/UnityEditor.WindowsStandalone.Extensions.dll
Registered in 0.012817 seconds.
Native extension for WindowsStandalone target not found
Refreshing native plugins compatible for Editor in 296.67 ms, found 3 plugins.
Preloading 0 native plugins for Editor in 0.00 ms.
Mono: successfully reloaded assembly
- Completed reload, in  7.916 seconds
Domain Reload Profiling:
	ReloadAssembly (7917ms)
		BeginReloadAssembly (259ms)
			ExecutionOrderSort (0ms)
			DisableScriptedObjects (0ms)
			BackupInstance (0ms)
			ReleaseScriptingObjects (0ms)
			CreateAndSetChildDomain (3ms)
		EndReloadAssembly (1997ms)
			LoadAssemblies (248ms)
			RebuildTransferFunctionScriptingTraits (0ms)
			SetupTypeCache (707ms)
			ReleaseScriptCaches (0ms)
			RebuildScriptCaches (145ms)
			SetupLoadedEditorAssemblies (806ms)
				LogAssemblyErrors (0ms)
				InitializePlatformSupportModulesInManaged (15ms)
				SetLoadedEditorAssemblies (1ms)
				RefreshPlugins (297ms)
				BeforeProcessingInitializeOnLoad (64ms)
				ProcessInitializeOnLoadAttributes (309ms)
				ProcessInitializeOnLoadMethodAttributes (120ms)
				AfterProcessingInitializeOnLoad (0ms)
				EditorAssembliesLoaded (1ms)
			ExecutionOrderSort2 (0ms)
			AwakeInstancesAfterBackupRestoration (0ms)
Platform modules already initialized, skipping
Registering precompiled user dll's ...
Registered in 0.042115 seconds.
Begin MonoManager ReloadAssembly
Native extension for WindowsStandalone target not found
Refreshing native plugins compatible for Editor in 266.51 ms, found 3 plugins.
Preloading 0 native plugins for Editor in 0.00 ms.
Mono: successfully reloaded assembly
- Completed reload, in  5.885 seconds
Domain Reload Profiling:
	ReloadAssembly (5894ms)
		BeginReloadAssembly (658ms)
			ExecutionOrderSort (0ms)
			DisableScriptedObjects (21ms)
			BackupInstance (0ms)
			ReleaseScriptingObjects (0ms)
			CreateAndSetChildDomain (65ms)
		EndReloadAssembly (4889ms)
			LoadAssemblies (449ms)
			RebuildTransferFunctionScriptingTraits (0ms)
			SetupTypeCache (1521ms)
			ReleaseScriptCaches (2ms)
			RebuildScriptCaches (258ms)
			SetupLoadedEditorAssemblies (2070ms)
				LogAssemblyErrors (0ms)
				InitializePlatformSupportModulesInManaged (17ms)
				SetLoadedEditorAssemblies (1ms)
				RefreshPlugins (267ms)
				BeforeProcessingInitializeOnLoad (462ms)
				ProcessInitializeOnLoadAttributes (1222ms)
				ProcessInitializeOnLoadMethodAttributes (56ms)
				AfterProcessingInitializeOnLoad (45ms)
				EditorAssembliesLoaded (1ms)
			ExecutionOrderSort2 (0ms)
			AwakeInstancesAfterBackupRestoration (36ms)
Platform modules already initialized, skipping
========================================================================
Worker process is ready to serve import requests
Shader 'Universal Render Pipeline/Particles/Lit': fallback shader 'Universal Render Pipeline/Particles/SimpleLit' not found
Launched and connected shader compiler UnityShaderCompiler.exe after 0.13 seconds
Refreshing native plugins compatible for Editor in 2.80 ms, found 3 plugins.
Preloading 0 native plugins for Editor in 0.00 ms.
Unloading 3338 Unused Serialized files (Serialized files now loaded: 0)
System memory in use before: 147.6 MB.
System memory in use after: 147.8 MB.

Unloading 28 unused Assets to reduce memory usage. Loaded Objects now: 3775.
Total: 12.867500 ms (FindLiveObjects: 1.182800 ms CreateObjectMapping: 0.719100 ms MarkObjects: 10.732800 ms  DeleteObjects: 0.229500 ms)

AssetImportParameters requested are different than current active one (requested -> active):
  custom:framework-win-MediaFoundation: 216162199b28c13a410421893ffa2e32 -> 
  custom:video-decoder-ogg-theora: a1e56fd34408186e4bbccfd4996cb3dc -> 
  custom:container-muxer-webm: aa71ff27fc2769a1b78a27578f13a17b -> 
  custom:container-demuxer-webm: 4f35f7cbe854078d1ac9338744f61a02 -> 
  custom:container-demuxer-ogg: 62fdf1f143b41e24485cea50d1cbac27 -> 
  custom:video-encoder-webm-vp8: eb34c28f22e8b96e1ab97ce403110664 -> 
  custom:video-decoder-webm-vp8: 9c59270c3fd7afecdb556c50c9e8de78 -> 
  custom:audio-decoder-ogg-vorbis: bf7c407c2cedff20999df2af8eb42d56 -> 
  custom:audio-encoder-webm-vorbis: bf7c407c2cedff20999df2af8eb42d56 -> 
========================================================================
Received Import Request.
  path: Assets/mar_fondo_junto.png
  artifactKey: Guid(98495a7582790994385487da100787a8) Importer(815301076,1909f56bfc062723c751e8b465ee728b)
Start importing Assets/mar_fondo_junto.png using Guid(98495a7582790994385487da100787a8) Importer(815301076,1909f56bfc062723c751e8b465ee728b)  -> (artifact id: 'e3431f31951d41d22c7dca0a033baa28') in 0.550960 seconds 
  Import took 0.571198 seconds .

========================================================================
Received Import Request.
  Time since last request: 0.000497 seconds.
  path: Assets/tiles_juntos (1).png
  artifactKey: Guid(8ba9e9f4830e07d45b4af11a1ffeb281) Importer(815301076,1909f56bfc062723c751e8b465ee728b)
Start importing Assets/tiles_juntos (1).png using Guid(8ba9e9f4830e07d45b4af11a1ffeb281) Importer(815301076,1909f56bfc062723c751e8b465ee728b)  -> (artifact id: '68ed3b2db1f8c8c25ef1bf3a372c4b6e') in 0.200804 seconds 
  Import took 0.220923 seconds .

========================================================================
Received Import Request.
  Time since last request: 307.000563 seconds.
  path: Assets/Scripts/BtnInicio.cs
  artifactKey: Guid(cf326ccf34d346e4da28421e14bb9383) Importer(815301076,1909f56bfc062723c751e8b465ee728b)
Start importing Assets/Scripts/BtnInicio.cs using Guid(cf326ccf34d346e4da28421e14bb9383) Importer(815301076,1909f56bfc062723c751e8b465ee728b)  -> (artifact id: '1cb2728c75efde8936b4ce3591320e9c') in 0.147207 seconds 
  Import took 0.263304 seconds .

========================================================================
Received Prepare
Registering precompiled user dll's ...
Registered in 0.021251 seconds.
Begin MonoManager ReloadAssembly
Native extension for WindowsStandalone target not found
Refreshing native plugins compatible for Editor in 4.21 ms, found 3 plugins.
Preloading 0 native plugins for Editor in 0.00 ms.
Mono: successfully reloaded assembly
- Completed reload, in  3.973 seconds
Domain Reload Profiling:
	ReloadAssembly (3974ms)
		BeginReloadAssembly (357ms)
			ExecutionOrderSort (0ms)
			DisableScriptedObjects (24ms)
			BackupInstance (0ms)
			ReleaseScriptingObjects (0ms)
			CreateAndSetChildDomain (130ms)
		EndReloadAssembly (3410ms)
			LoadAssemblies (423ms)
			RebuildTransferFunctionScriptingTraits (0ms)
			SetupTypeCache (1187ms)
			ReleaseScriptCaches (3ms)
			RebuildScriptCaches (144ms)
			SetupLoadedEditorAssemblies (1310ms)
				LogAssemblyErrors (0ms)
				InitializePlatformSupportModulesInManaged (14ms)
				SetLoadedEditorAssemblies (2ms)
				RefreshPlugins (4ms)
				BeforeProcessingInitializeOnLoad (431ms)
				ProcessInitializeOnLoadAttributes (799ms)
				ProcessInitializeOnLoadMethodAttributes (17ms)
				AfterProcessingInitializeOnLoad (41ms)
				EditorAssembliesLoaded (0ms)
			ExecutionOrderSort2 (0ms)
			AwakeInstancesAfterBackupRestoration (21ms)
Platform modules already initialized, skipping
Switching build target platform(19) subTarget(0) extendedPlatform(0) -> platform(13) subTarget(537395200) extendedPlatform(0)
Shader 'Universal Render Pipeline/Particles/Lit': fallback shader 'Universal Render Pipeline/Particles/SimpleLit' not found
Refreshing native plugins compatible for Editor in 5.65 ms, found 3 plugins.
Preloading 0 native plugins for Editor in 0.00 ms.
Unloading 3236 Unused Serialized files (Serialized files now loaded: 0)
System memory in use before: 138.2 MB.
System memory in use after: 138.5 MB.

Unloading 17 unused Assets to reduce memory usage. Loaded Objects now: 3787.
Total: 9.965000 ms (FindLiveObjects: 0.883500 ms CreateObjectMapping: 0.326600 ms MarkObjects: 8.700000 ms  DeleteObjects: 0.051100 ms)

AssetImportParameters requested are different than current active one (requested -> active):
  custom:framework-win-MediaFoundation: 216162199b28c13a410421893ffa2e32 -> 
  custom:video-decoder-ogg-theora: a1e56fd34408186e4bbccfd4996cb3dc -> 
  custom:container-muxer-webm: aa71ff27fc2769a1b78a27578f13a17b -> 
  custom:container-demuxer-webm: 4f35f7cbe854078d1ac9338744f61a02 -> 
  custom:container-demuxer-ogg: 62fdf1f143b41e24485cea50d1cbac27 -> 
  custom:video-encoder-webm-vp8: eb34c28f22e8b96e1ab97ce403110664 -> 
  custom:video-decoder-webm-vp8: 9c59270c3fd7afecdb556c50c9e8de78 -> 
  custom:graphics/normal-map-encoding: 01000000000000000000000000000000 -> 02000000000000000000000000000000
  custom:audio-decoder-ogg-vorbis: bf7c407c2cedff20999df2af8eb42d56 -> 
  custom:audio-encoder-webm-vorbis: bf7c407c2cedff20999df2af8eb42d56 -> 
========================================================================
Received Prepare
Registering precompiled user dll's ...
Registered in 0.030749 seconds.
Begin MonoManager ReloadAssembly
Native extension for WindowsStandalone target not found
Refreshing native plugins compatible for Editor in 2.77 ms, found 3 plugins.
Preloading 0 native plugins for Editor in 0.00 ms.
Mono: successfully reloaded assembly
- Completed reload, in  7.969 seconds
Domain Reload Profiling:
	ReloadAssembly (7970ms)
		BeginReloadAssembly (435ms)
			ExecutionOrderSort (0ms)
			DisableScriptedObjects (20ms)
			BackupInstance (0ms)
			ReleaseScriptingObjects (0ms)
			CreateAndSetChildDomain (135ms)
		EndReloadAssembly (7220ms)
			LoadAssemblies (409ms)
			RebuildTransferFunctionScriptingTraits (0ms)
			SetupTypeCache (2667ms)
			ReleaseScriptCaches (4ms)
			RebuildScriptCaches (687ms)
			SetupLoadedEditorAssemblies (2561ms)
				LogAssemblyErrors (0ms)
				InitializePlatformSupportModulesInManaged (16ms)
				SetLoadedEditorAssemblies (1ms)
				RefreshPlugins (3ms)
				BeforeProcessingInitializeOnLoad (526ms)
				ProcessInitializeOnLoadAttributes (1942ms)
				ProcessInitializeOnLoadMethodAttributes (33ms)
				AfterProcessingInitializeOnLoad (39ms)
				EditorAssembliesLoaded (1ms)
			ExecutionOrderSort2 (0ms)
			AwakeInstancesAfterBackupRestoration (43ms)
Platform modules already initialized, skipping
Switching build target platform(19) subTarget(0) extendedPlatform(0) -> platform(13) subTarget(537395200) extendedPlatform(0)
Shader 'Universal Render Pipeline/Particles/Lit': fallback shader 'Universal Render Pipeline/Particles/SimpleLit' not found
Refreshing native plugins compatible for Editor in 2.19 ms, found 3 plugins.
Preloading 0 native plugins for Editor in 0.00 ms.
Unloading 3235 Unused Serialized files (Serialized files now loaded: 0)
System memory in use before: 138.3 MB.
System memory in use after: 138.5 MB.

Unloading 18 unused Assets to reduce memory usage. Loaded Objects now: 3789.
Total: 16.713000 ms (FindLiveObjects: 0.684900 ms CreateObjectMapping: 0.341000 ms MarkObjects: 15.631400 ms  DeleteObjects: 0.052200 ms)

AssetImportParameters requested are different than current active one (requested -> active):
  custom:framework-win-MediaFoundation: 216162199b28c13a410421893ffa2e32 -> 
  custom:video-decoder-ogg-theora: a1e56fd34408186e4bbccfd4996cb3dc -> 
  custom:container-muxer-webm: aa71ff27fc2769a1b78a27578f13a17b -> 
  custom:container-demuxer-webm: 4f35f7cbe854078d1ac9338744f61a02 -> 
  custom:container-demuxer-ogg: 62fdf1f143b41e24485cea50d1cbac27 -> 
  custom:video-encoder-webm-vp8: eb34c28f22e8b96e1ab97ce403110664 -> 
  custom:video-decoder-webm-vp8: 9c59270c3fd7afecdb556c50c9e8de78 -> 
  custom:graphics/normal-map-encoding: 01000000000000000000000000000000 -> 02000000000000000000000000000000
  custom:audio-decoder-ogg-vorbis: bf7c407c2cedff20999df2af8eb42d56 -> 
  custom:audio-encoder-webm-vorbis: bf7c407c2cedff20999df2af8eb42d56 -> 
========================================================================
Received Import Request.
  Time since last request: 225.373534 seconds.
  path: Assets/Scripts/BtnInicio.cs
  artifactKey: Guid(cf326ccf34d346e4da28421e14bb9383) Importer(815301076,1909f56bfc062723c751e8b465ee728b)
Start importing Assets/Scripts/BtnInicio.cs using Guid(cf326ccf34d346e4da28421e14bb9383) Importer(815301076,1909f56bfc062723c751e8b465ee728b)  -> (artifact id: '8413ab0f7a19b0975591cd835253175b') in 0.100947 seconds 
  Import took 0.165779 seconds .

========================================================================
Received Import Request.
  Time since last request: 4.683845 seconds.
  path: Assets/Scripts/BtnInicio.cs
  artifactKey: Guid(cf326ccf34d346e4da28421e14bb9383) Importer(815301076,1909f56bfc062723c751e8b465ee728b)
Start importing Assets/Scripts/BtnInicio.cs using Guid(cf326ccf34d346e4da28421e14bb9383) Importer(815301076,1909f56bfc062723c751e8b465ee728b)  -> (artifact id: '8efd43c443b53307d1dbcc94abf77052') in 0.034055 seconds 
  Import took 0.058370 seconds .

========================================================================
Received Import Request.
  Time since last request: 0.018703 seconds.
  path: Assets/Scripts/BtnInicio.cs
  artifactKey: Guid(cf326ccf34d346e4da28421e14bb9383) Importer(815301076,1909f56bfc062723c751e8b465ee728b)
Start importing Assets/Scripts/BtnInicio.cs using Guid(cf326ccf34d346e4da28421e14bb9383) Importer(815301076,1909f56bfc062723c751e8b465ee728b)  -> (artifact id: '8efd43c443b53307d1dbcc94abf77052') in 0.030189 seconds 
  Import took 0.064417 seconds .

========================================================================
Received Prepare
Registering precompiled user dll's ...
Registered in 0.022494 seconds.
Begin MonoManager ReloadAssembly
Native extension for WindowsStandalone target not found
Refreshing native plugins compatible for Editor in 1.37 ms, found 3 plugins.
Preloading 0 native plugins for Editor in 0.00 ms.
Mono: successfully reloaded assembly
- Completed reload, in  5.740 seconds
Domain Reload Profiling:
	ReloadAssembly (5745ms)
		BeginReloadAssembly (525ms)
			ExecutionOrderSort (0ms)
			DisableScriptedObjects (27ms)
			BackupInstance (0ms)
			ReleaseScriptingObjects (0ms)
			CreateAndSetChildDomain (155ms)
		EndReloadAssembly (4879ms)
			LoadAssemblies (527ms)
			RebuildTransferFunctionScriptingTraits (0ms)
			SetupTypeCache (1634ms)
			ReleaseScriptCaches (7ms)
			RebuildScriptCaches (247ms)
			SetupLoadedEditorAssemblies (1919ms)
				LogAssemblyErrors (0ms)
				InitializePlatformSupportModulesInManaged (13ms)
				SetLoadedEditorAssemblies (1ms)
				RefreshPlugins (2ms)
				BeforeProcessingInitializeOnLoad (442ms)
				ProcessInitializeOnLoadAttributes (1394ms)
				ProcessInitializeOnLoadMethodAttributes (28ms)
				AfterProcessingInitializeOnLoad (39ms)
				EditorAssembliesLoaded (1ms)
			ExecutionOrderSort2 (0ms)
			AwakeInstancesAfterBackupRestoration (37ms)
Platform modules already initialized, skipping
Switching build target platform(19) subTarget(0) extendedPlatform(0) -> platform(13) subTarget(537395200) extendedPlatform(0)
Shader 'Universal Render Pipeline/Particles/Lit': fallback shader 'Universal Render Pipeline/Particles/SimpleLit' not found
Refreshing native plugins compatible for Editor in 2.30 ms, found 3 plugins.
Preloading 0 native plugins for Editor in 0.00 ms.
Unloading 3235 Unused Serialized files (Serialized files now loaded: 0)
System memory in use before: 138.3 MB.
System memory in use after: 138.5 MB.

Unloading 17 unused Assets to reduce memory usage. Loaded Objects now: 3792.
Total: 13.020900 ms (FindLiveObjects: 1.101800 ms CreateObjectMapping: 0.591400 ms MarkObjects: 11.272300 ms  DeleteObjects: 0.052100 ms)

AssetImportParameters requested are different than current active one (requested -> active):
  custom:framework-win-MediaFoundation: 216162199b28c13a410421893ffa2e32 -> 
  custom:video-decoder-ogg-theora: a1e56fd34408186e4bbccfd4996cb3dc -> 
  custom:container-muxer-webm: aa71ff27fc2769a1b78a27578f13a17b -> 
  custom:container-demuxer-webm: 4f35f7cbe854078d1ac9338744f61a02 -> 
  custom:container-demuxer-ogg: 62fdf1f143b41e24485cea50d1cbac27 -> 
  custom:video-encoder-webm-vp8: eb34c28f22e8b96e1ab97ce403110664 -> 
  custom:video-decoder-webm-vp8: 9c59270c3fd7afecdb556c50c9e8de78 -> 
  custom:graphics/normal-map-encoding: 01000000000000000000000000000000 -> 02000000000000000000000000000000
  custom:audio-decoder-ogg-vorbis: bf7c407c2cedff20999df2af8eb42d56 -> 
  custom:audio-encoder-webm-vorbis: bf7c407c2cedff20999df2af8eb42d56 -> 
========================================================================
Received Import Request.
  Time since last request: 119.253066 seconds.
  path: Assets/Scenes/RunLab
  artifactKey: Guid(bb1350a6998c57a4dbc0312dc76c0387) Importer(815301076,1909f56bfc062723c751e8b465ee728b)
Start importing Assets/Scenes/RunLab using Guid(bb1350a6998c57a4dbc0312dc76c0387) Importer(815301076,1909f56bfc062723c751e8b465ee728b)  -> (artifact id: '4c48c251e9ca25578ede41a102db26bf') in 0.374498 seconds 
  Import took 0.414989 seconds .

========================================================================
Received Import Request.
  Time since last request: 0.000181 seconds.
  path: Assets/Scenes/RunLab/Global Volume Profile.asset
  artifactKey: Guid(f0282aebf314d394b8cc5487e8292b2d) Importer(815301076,1909f56bfc062723c751e8b465ee728b)
Start importing Assets/Scenes/RunLab/Global Volume Profile.asset using Guid(f0282aebf314d394b8cc5487e8292b2d) Importer(815301076,1909f56bfc062723c751e8b465ee728b)  -> (artifact id: '0d9cc9cbbe4a4f3339d33a501e414e1a') in 0.726962 seconds 
  Import took 0.776236 seconds .

========================================================================
Received Import Request.
  Time since last request: 1.810418 seconds.
  path: Assets/Scenes/RunLab.unity
  artifactKey: Guid(48579b2b990557b44a7271f51f64dd3b) Importer(815301076,1909f56bfc062723c751e8b465ee728b)
Start importing Assets/Scenes/RunLab.unity using Guid(48579b2b990557b44a7271f51f64dd3b) Importer(815301076,1909f56bfc062723c751e8b465ee728b)  -> (artifact id: '699412ea470238735ad9c0dc819d1433') in 0.036226 seconds 
  Import took 0.061755 seconds .

========================================================================
Received Import Request.
  Time since last request: 8.890461 seconds.
  path: Assets/Scenes/RunLab 1.unity
  artifactKey: Guid(fc4c6e6859295b047b728fec0595d973) Importer(815301076,1909f56bfc062723c751e8b465ee728b)
Start importing Assets/Scenes/RunLab 1.unity using Guid(fc4c6e6859295b047b728fec0595d973) Importer(815301076,1909f56bfc062723c751e8b465ee728b)  -> (artifact id: 'c4a8abdc468d7d51429347515dfa6e6f') in 0.061431 seconds 
  Import took 0.093933 seconds .

========================================================================
Received Import Request.
  Time since last request: 17.631718 seconds.
  path: Assets/Scenes/VersionLari.unity
  artifactKey: Guid(fc4c6e6859295b047b728fec0595d973) Importer(815301076,1909f56bfc062723c751e8b465ee728b)
Start importing Assets/Scenes/VersionLari.unity using Guid(fc4c6e6859295b047b728fec0595d973) Importer(815301076,1909f56bfc062723c751e8b465ee728b)  -> (artifact id: 'a5070bf28c46b6e06948cf26e7a1e4b2') in 0.044630 seconds 
  Import took 0.062348 seconds .

========================================================================
Received Import Request.
  Time since last request: 2.461425 seconds.
  path: Assets/Scenes/VersionLari 1.unity
  artifactKey: Guid(c56cd7e695481514fb3bba07ceb34241) Importer(815301076,1909f56bfc062723c751e8b465ee728b)
Start importing Assets/Scenes/VersionLari 1.unity using Guid(c56cd7e695481514fb3bba07ceb34241) Importer(815301076,1909f56bfc062723c751e8b465ee728b)  -> (artifact id: 'd3f23924688f732281cc6e97936a6ac1') in 0.099812 seconds 
  Import took 0.130195 seconds .

========================================================================
Received Import Request.
  Time since last request: 8.004597 seconds.
  path: Assets/Scenes/VersionXio.unity
  artifactKey: Guid(c56cd7e695481514fb3bba07ceb34241) Importer(815301076,1909f56bfc062723c751e8b465ee728b)
Start importing Assets/Scenes/VersionXio.unity using Guid(c56cd7e695481514fb3bba07ceb34241) Importer(815301076,1909f56bfc062723c751e8b465ee728b)  -> (artifact id: '358fbddc3be1d55bf0edfbe6883d89df') in 0.028336 seconds 
  Import took 0.498120 seconds .

AssetImportWorkerClient::OnTransportError - code=2 error=End of file
